2021-12-07 09:42:37.030  INFO 21588 --- [restartedMain] f.v.safetynet.SafetynetApplication       : Starting SafetynetApplication using Java 11.0.12 on DESKTOP-RFT6VPG with PID 21588 (C:\PROJETS OC\P5\target\classes started by VertOurs in C:\PROJETS OC\P5)
2021-12-07 09:42:37.043 DEBUG 21588 --- [restartedMain] f.v.safetynet.SafetynetApplication       : Running with Spring Boot v2.5.3, Spring v5.3.9
2021-12-07 09:42:37.043  INFO 21588 --- [restartedMain] f.v.safetynet.SafetynetApplication       : No active profile set, falling back to default profiles: default
2021-12-07 09:42:37.077  INFO 21588 --- [restartedMain] .e.DevToolsPropertyDefaultsPostProcessor : Devtools property defaults active! Set 'spring.devtools.add-properties' to 'false' to disable
2021-12-07 09:42:37.077  INFO 21588 --- [restartedMain] .e.DevToolsPropertyDefaultsPostProcessor : For additional web related logging consider setting the 'logging.level.web' property to 'DEBUG'
2021-12-07 09:42:37.965  INFO 21588 --- [restartedMain] .s.d.r.c.RepositoryConfigurationDelegate : Bootstrapping Spring Data JPA repositories in DEFAULT mode.
2021-12-07 09:42:38.023  INFO 21588 --- [restartedMain] .s.d.r.c.RepositoryConfigurationDelegate : Finished Spring Data repository scanning in 52 ms. Found 6 JPA repository interfaces.
2021-12-07 09:42:38.387  INFO 21588 --- [restartedMain] o.s.b.w.embedded.tomcat.TomcatWebServer  : Tomcat initialized with port(s): 8080 (http)
2021-12-07 09:42:38.394  INFO 21588 --- [restartedMain] o.apache.catalina.core.StandardService   : Starting service [Tomcat]
2021-12-07 09:42:38.394  INFO 21588 --- [restartedMain] org.apache.catalina.core.StandardEngine  : Starting Servlet engine: [Apache Tomcat/9.0.50]
2021-12-07 09:42:38.464  INFO 21588 --- [restartedMain] o.a.c.c.C.[Tomcat].[localhost].[/]       : Initializing Spring embedded WebApplicationContext
2021-12-07 09:42:38.465  INFO 21588 --- [restartedMain] w.s.c.ServletWebServerApplicationContext : Root WebApplicationContext: initialization completed in 1387 ms
2021-12-07 09:42:38.527  INFO 21588 --- [restartedMain] com.zaxxer.hikari.HikariDataSource       : HikariPool-1 - Starting...
2021-12-07 09:42:38.594  INFO 21588 --- [restartedMain] com.zaxxer.hikari.HikariDataSource       : HikariPool-1 - Start completed.
2021-12-07 09:42:38.598  INFO 21588 --- [restartedMain] o.s.b.a.h2.H2ConsoleAutoConfiguration    : H2 console available at '/h2-console'. Database available at 'jdbc:h2:mem:testdb'
2021-12-07 09:42:38.715  INFO 21588 --- [restartedMain] o.hibernate.jpa.internal.util.LogHelper  : HHH000204: Processing PersistenceUnitInfo [name: default]
2021-12-07 09:42:38.749  INFO 21588 --- [restartedMain] org.hibernate.Version                    : HHH000412: Hibernate ORM core version 5.4.32.Final
2021-12-07 09:42:38.826  INFO 21588 --- [restartedMain] o.hibernate.annotations.common.Version   : HCANN000001: Hibernate Commons Annotations {5.1.2.Final}
2021-12-07 09:42:38.892  INFO 21588 --- [restartedMain] org.hibernate.dialect.Dialect            : HHH000400: Using dialect: org.hibernate.dialect.H2Dialect
2021-12-07 09:42:39.343  INFO 21588 --- [restartedMain] o.h.e.t.j.p.i.JtaPlatformInitiator       : HHH000490: Using JtaPlatform implementation: [org.hibernate.engine.transaction.jta.platform.internal.NoJtaPlatform]
2021-12-07 09:42:39.350  INFO 21588 --- [restartedMain] j.LocalContainerEntityManagerFactoryBean : Initialized JPA EntityManagerFactory for persistence unit 'default'
2021-12-07 09:42:39.693  WARN 21588 --- [restartedMain] JpaBaseConfiguration$JpaWebConfiguration : spring.jpa.open-in-view is enabled by default. Therefore, database queries may be performed during view rendering. Explicitly configure spring.jpa.open-in-view to disable this warning
2021-12-07 09:42:40.058  INFO 21588 --- [restartedMain] o.s.b.d.a.OptionalLiveReloadServer       : LiveReload server is running on port 35729
2021-12-07 09:42:40.062  INFO 21588 --- [restartedMain] o.s.b.a.e.web.EndpointLinksResolver      : Exposing 3 endpoint(s) beneath base path '/actuator'
2021-12-07 09:42:40.105  INFO 21588 --- [restartedMain] o.s.b.w.embedded.tomcat.TomcatWebServer  : Tomcat started on port(s): 8080 (http) with context path ''
2021-12-07 09:42:40.120  INFO 21588 --- [restartedMain] f.v.safetynet.SafetynetApplication       : Started SafetynetApplication in 3.387 seconds (JVM running for 4.25)
2021-12-07 09:42:40.560  INFO 21588 --- [RMI TCP Connection(1)-169.254.36.242] o.a.c.c.C.[Tomcat].[localhost].[/]       : Initializing Spring DispatcherServlet 'dispatcherServlet'
2021-12-07 09:42:40.560  INFO 21588 --- [RMI TCP Connection(1)-169.254.36.242] o.s.web.servlet.DispatcherServlet        : Initializing Servlet 'dispatcherServlet'
2021-12-07 09:42:40.561  INFO 21588 --- [RMI TCP Connection(1)-169.254.36.242] o.s.web.servlet.DispatcherServlet        : Completed initialization in 1 ms
2021-12-07 09:43:10.693 DEBUG 21588 --- [http-nio-8080-exec-2] f.v.s.c.FireStationEndPointController    : call endpoint  /firestation
2021-12-07 09:43:39.651  INFO 21588 --- [SpringApplicationShutdownHook] j.LocalContainerEntityManagerFactoryBean : Closing JPA EntityManagerFactory for persistence unit 'default'
2021-12-07 09:43:39.651  INFO 21588 --- [SpringApplicationShutdownHook] .SchemaDropperImpl$DelayedDropActionImpl : HHH000477: Starting delayed evictData of schema as part of SessionFactory shut-down'
2021-12-07 09:43:39.862  WARN 21588 --- [SpringApplicationShutdownHook] o.s.b.f.support.DisposableBeanAdapter    : Invocation of destroy method failed on bean with name 'inMemoryDatabaseShutdownExecutor': org.h2.jdbc.JdbcSQLNonTransientConnectionException: La base de données est déjà fermée (pour désactiver la fermeture automatique à l'arrêt de la VM, ajoutez "; DB_CLOSE_ON_EXIT = FALSE" à l'URL db)
Database is already closed (to disable automatic closing at VM shutdown, add ";DB_CLOSE_ON_EXIT=FALSE" to the db URL) [90121-200]
2021-12-07 09:43:39.863  INFO 21588 --- [SpringApplicationShutdownHook] com.zaxxer.hikari.HikariDataSource       : HikariPool-1 - Shutdown initiated...
2021-12-07 09:43:39.865  INFO 21588 --- [SpringApplicationShutdownHook] com.zaxxer.hikari.HikariDataSource       : HikariPool-1 - Shutdown completed.
2021-12-07 16:16:18.534  INFO 27360 --- [restartedMain] f.v.safetynet.SafetynetApplication       : Starting SafetynetApplication using Java 11.0.12 on DESKTOP-RFT6VPG with PID 27360 (C:\PROJETS OC\P5\target\classes started by VertOurs in C:\PROJETS OC\P5)
2021-12-07 16:16:18.535 DEBUG 27360 --- [restartedMain] f.v.safetynet.SafetynetApplication       : Running with Spring Boot v2.5.3, Spring v5.3.9
2021-12-07 16:16:18.536  INFO 27360 --- [restartedMain] f.v.safetynet.SafetynetApplication       : No active profile set, falling back to default profiles: default
2021-12-07 16:16:18.565  INFO 27360 --- [restartedMain] .e.DevToolsPropertyDefaultsPostProcessor : Devtools property defaults active! Set 'spring.devtools.add-properties' to 'false' to disable
2021-12-07 16:16:18.565  INFO 27360 --- [restartedMain] .e.DevToolsPropertyDefaultsPostProcessor : For additional web related logging consider setting the 'logging.level.web' property to 'DEBUG'
2021-12-07 16:16:19.481  INFO 27360 --- [restartedMain] .s.d.r.c.RepositoryConfigurationDelegate : Bootstrapping Spring Data JPA repositories in DEFAULT mode.
2021-12-07 16:16:19.539  INFO 27360 --- [restartedMain] .s.d.r.c.RepositoryConfigurationDelegate : Finished Spring Data repository scanning in 53 ms. Found 6 JPA repository interfaces.
2021-12-07 16:16:19.906  INFO 27360 --- [restartedMain] o.s.b.w.embedded.tomcat.TomcatWebServer  : Tomcat initialized with port(s): 8080 (http)
2021-12-07 16:16:19.913  INFO 27360 --- [restartedMain] o.apache.catalina.core.StandardService   : Starting service [Tomcat]
2021-12-07 16:16:19.913  INFO 27360 --- [restartedMain] org.apache.catalina.core.StandardEngine  : Starting Servlet engine: [Apache Tomcat/9.0.50]
2021-12-07 16:16:19.983  INFO 27360 --- [restartedMain] o.a.c.c.C.[Tomcat].[localhost].[/]       : Initializing Spring embedded WebApplicationContext
2021-12-07 16:16:19.983  INFO 27360 --- [restartedMain] w.s.c.ServletWebServerApplicationContext : Root WebApplicationContext: initialization completed in 1418 ms
2021-12-07 16:16:20.048  INFO 27360 --- [restartedMain] com.zaxxer.hikari.HikariDataSource       : HikariPool-1 - Starting...
2021-12-07 16:16:20.117  INFO 27360 --- [restartedMain] com.zaxxer.hikari.HikariDataSource       : HikariPool-1 - Start completed.
2021-12-07 16:16:20.121  INFO 27360 --- [restartedMain] o.s.b.a.h2.H2ConsoleAutoConfiguration    : H2 console available at '/h2-console'. Database available at 'jdbc:h2:mem:testdb'
2021-12-07 16:16:20.226  INFO 27360 --- [restartedMain] o.hibernate.jpa.internal.util.LogHelper  : HHH000204: Processing PersistenceUnitInfo [name: default]
2021-12-07 16:16:20.258  INFO 27360 --- [restartedMain] org.hibernate.Version                    : HHH000412: Hibernate ORM core version 5.4.32.Final
2021-12-07 16:16:20.346  INFO 27360 --- [restartedMain] o.hibernate.annotations.common.Version   : HCANN000001: Hibernate Commons Annotations {5.1.2.Final}
2021-12-07 16:16:20.413  INFO 27360 --- [restartedMain] org.hibernate.dialect.Dialect            : HHH000400: Using dialect: org.hibernate.dialect.H2Dialect
2021-12-07 16:16:20.846  INFO 27360 --- [restartedMain] o.h.e.t.j.p.i.JtaPlatformInitiator       : HHH000490: Using JtaPlatform implementation: [org.hibernate.engine.transaction.jta.platform.internal.NoJtaPlatform]
2021-12-07 16:16:20.853  INFO 27360 --- [restartedMain] j.LocalContainerEntityManagerFactoryBean : Initialized JPA EntityManagerFactory for persistence unit 'default'
2021-12-07 16:16:21.188  WARN 27360 --- [restartedMain] JpaBaseConfiguration$JpaWebConfiguration : spring.jpa.open-in-view is enabled by default. Therefore, database queries may be performed during view rendering. Explicitly configure spring.jpa.open-in-view to disable this warning
2021-12-07 16:16:21.517  INFO 27360 --- [restartedMain] o.s.b.d.a.OptionalLiveReloadServer       : LiveReload server is running on port 35729
2021-12-07 16:16:21.521  INFO 27360 --- [restartedMain] o.s.b.a.e.web.EndpointLinksResolver      : Exposing 3 endpoint(s) beneath base path '/actuator'
2021-12-07 16:16:21.554  INFO 27360 --- [restartedMain] o.s.b.w.embedded.tomcat.TomcatWebServer  : Tomcat started on port(s): 8080 (http) with context path ''
2021-12-07 16:16:21.566  INFO 27360 --- [restartedMain] f.v.safetynet.SafetynetApplication       : Started SafetynetApplication in 3.321 seconds (JVM running for 4.17)
2021-12-07 16:16:22.718  INFO 27360 --- [RMI TCP Connection(3)-169.254.36.242] o.a.c.c.C.[Tomcat].[localhost].[/]       : Initializing Spring DispatcherServlet 'dispatcherServlet'
2021-12-07 16:16:22.719  INFO 27360 --- [RMI TCP Connection(3)-169.254.36.242] o.s.web.servlet.DispatcherServlet        : Initializing Servlet 'dispatcherServlet'
2021-12-07 16:16:22.721  INFO 27360 --- [RMI TCP Connection(3)-169.254.36.242] o.s.web.servlet.DispatcherServlet        : Completed initialization in 2 ms
2021-12-07 19:04:07.364  INFO 27360 --- [SpringApplicationShutdownHook] j.LocalContainerEntityManagerFactoryBean : Closing JPA EntityManagerFactory for persistence unit 'default'
2021-12-07 19:04:07.364  INFO 27360 --- [SpringApplicationShutdownHook] .SchemaDropperImpl$DelayedDropActionImpl : HHH000477: Starting delayed evictData of schema as part of SessionFactory shut-down'
2021-12-07 19:04:07.586  WARN 27360 --- [SpringApplicationShutdownHook] o.s.b.f.support.DisposableBeanAdapter    : Invocation of destroy method failed on bean with name 'inMemoryDatabaseShutdownExecutor': org.h2.jdbc.JdbcSQLNonTransientConnectionException: La base de données est déjà fermée (pour désactiver la fermeture automatique à l'arrêt de la VM, ajoutez "; DB_CLOSE_ON_EXIT = FALSE" à l'URL db)
Database is already closed (to disable automatic closing at VM shutdown, add ";DB_CLOSE_ON_EXIT=FALSE" to the db URL) [90121-200]
2021-12-07 19:04:07.587  INFO 27360 --- [SpringApplicationShutdownHook] com.zaxxer.hikari.HikariDataSource       : HikariPool-1 - Shutdown initiated...
2021-12-07 19:04:07.589  INFO 27360 --- [SpringApplicationShutdownHook] com.zaxxer.hikari.HikariDataSource       : HikariPool-1 - Shutdown completed.
